# JRE version: OpenJDK Runtime Environment Temurin-17.0.16+8 (17.0.16+8) (build 17.0.16+8)
# Java VM: OpenJDK 64-Bit Server VM Temurin-17.0.16+8 (17.0.16+8, mixed mode, sharing, tiered, compressed oops, compressed class ptrs, parallel gc, windows-amd64)
GC Precious Log:
 CPUs: 8 total, 8 available
 Memory: 7834M
 Large Page Support: Disabled
 NUMA Support: Disabled
 Compressed Oops: Enabled (Zero based)
 Alignments: Space 512K, Generation 512K, Heap 2M
 Heap Min Capacity: 8M
 Heap Initial Capacity: 124M
 Heap Max Capacity: 6G
 Pre-touch: Disabled
 Parallel Workers: 8
Heap:
 PSYoungGen      total 935424K, used 620414K [0x0000000780000000, 0x00000007ddb00000, 0x0000000800000000)
  eden space 906240K, 65% used [0x0000000780000000,0x00000007a4165590,0x00000007b7500000)
  from space 29184K, 99% used [0x00000007bfa80000,0x00000007c16fa460,0x00000007c1700000)
  to   space 136704K, 0% used [0x00000007b7500000,0x00000007b7500000,0x00000007bfa80000)
 ParOldGen       total 342016K, used 341739K [0x0000000680000000, 0x0000000694e00000, 0x0000000780000000)
  object space 342016K, 99% used [0x0000000680000000,0x0000000694dbad70,0x0000000694e00000)
 Metaspace       used 156904K, committed 159360K, reserved 1245184K
  class space    used 20810K, committed 21888K, reserved 1048576K
GC Heap History (20 events):
Event: 11.463 GC heap before
{Heap before GC invocations=7 (full 1):
 PSYoungGen      total 132096K, used 20369K [0x0000000780000000, 0x0000000791100000, 0x0000000800000000)
  eden space 126976K, 12% used [0x0000000780000000,0x0000000780ee6160,0x0000000787c00000)
  from space 5120K, 99% used [0x0000000787c00000,0x00000007880fe3f0,0x0000000788100000)
  to   space 12800K, 0% used [0x0000000790480000,0x0000000790480000,0x0000000791100000)
 ParOldGen       total 84992K, used 26105K [0x0000000680000000, 0x0000000685300000, 0x0000000780000000)
  object space 84992K, 30% used [0x0000000680000000,0x000000068197e408,0x0000000685300000)
 Metaspace       used 35426K, committed 35840K, reserved 1114112K
  class space    used 4908K, committed 5120K, reserved 1048576K
}
Event: 11.468 GC heap after
{Heap after GC invocations=7 (full 1):
 PSYoungGen      total 266240K, used 6379K [0x0000000780000000, 0x0000000791200000, 0x0000000800000000)
  eden space 253440K, 0% used [0x0000000780000000,0x0000000780000000,0x000000078f780000)
  from space 12800K, 49% used [0x0000000790480000,0x0000000790abac98,0x0000000791100000)
  to   space 13312K, 0% used [0x000000078f780000,0x000000078f780000,0x0000000790480000)
 ParOldGen       total 84992K, used 26113K [0x0000000680000000, 0x0000000685300000, 0x0000000780000000)
  object space 84992K, 30% used [0x0000000680000000,0x0000000681980408,0x0000000685300000)
 Metaspace       used 35426K, committed 35840K, reserved 1114112K
  class space    used 4908K, committed 5120K, reserved 1048576K
}
Event: 11.468 GC heap before
{Heap before GC invocations=8 (full 2):
 PSYoungGen      total 266240K, used 6379K [0x0000000780000000, 0x0000000791200000, 0x0000000800000000)
  eden space 253440K, 0% used [0x0000000780000000,0x0000000780000000,0x000000078f780000)
  from space 12800K, 49% used [0x0000000790480000,0x0000000790abac98,0x0000000791100000)
  to   space 13312K, 0% used [0x000000078f780000,0x000000078f780000,0x0000000790480000)
 ParOldGen       total 84992K, used 26113K [0x0000000680000000, 0x0000000685300000, 0x0000000780000000)
  object space 84992K, 30% used [0x0000000680000000,0x0000000681980408,0x0000000685300000)
 Metaspace       used 35426K, committed 35840K, reserved 1114112K
  class space    used 4908K, committed 5120K, reserved 1048576K
}
Event: 11.494 GC heap after
{Heap after GC invocations=8 (full 2):
 PSYoungGen      total 266240K, used 0K [0x0000000780000000, 0x0000000791200000, 0x0000000800000000)
  eden space 253440K, 0% used [0x0000000780000000,0x0000000780000000,0x000000078f780000)
  from space 12800K, 0% used [0x0000000790480000,0x0000000790480000,0x0000000791100000)
  to   space 13312K, 0% used [0x000000078f780000,0x000000078f780000,0x0000000790480000)
 ParOldGen       total 84992K, used 31761K [0x0000000680000000, 0x0000000685300000, 0x0000000780000000)
  object space 84992K, 37% used [0x0000000680000000,0x0000000681f04700,0x0000000685300000)
 Metaspace       used 35426K, committed 35840K, reserved 1114112K
  class space    used 4908K, committed 5120K, reserved 1048576K
}
Event: 13.966 GC heap before
{Heap before GC invocations=9 (full 2):
 PSYoungGen      total 266240K, used 253440K [0x0000000780000000, 0x0000000791200000, 0x0000000800000000)
  eden space 253440K, 100% used [0x0000000780000000,0x000000078f780000,0x000000078f780000)
  from space 12800K, 0% used [0x0000000790480000,0x0000000790480000,0x0000000791100000)
  to   space 13312K, 0% used [0x000000078f780000,0x000000078f780000,0x0000000790480000)
 ParOldGen       total 84992K, used 31761K [0x0000000680000000, 0x0000000685300000, 0x0000000780000000)
  object space 84992K, 37% used [0x0000000680000000,0x0000000681f04700,0x0000000685300000)
 Metaspace       used 56910K, committed 57600K, reserved 1114112K
  class space    used 8041K, committed 8384K, reserved 1048576K
}
Event: 13.982 GC heap after
{Heap after GC invocations=9 (full 2):
 PSYoungGen      total 266752K, used 13304K [0x0000000780000000, 0x00000007a1800000, 0x0000000800000000)
  eden space 253440K, 0% used [0x0000000780000000,0x0000000780000000,0x000000078f780000)
  from space 13312K, 99% used [0x000000078f780000,0x000000079047e260,0x0000000790480000)
  to   space 20992K, 0% used [0x00000007a0380000,0x00000007a0380000,0x00000007a1800000)
 ParOldGen       total 84992K, used 43851K [0x0000000680000000, 0x0000000685300000, 0x0000000780000000)
  object space 84992K, 51% used [0x0000000680000000,0x0000000682ad2eb0,0x0000000685300000)
 Metaspace       used 56910K, committed 57600K, reserved 1114112K
  class space    used 8041K, committed 8384K, reserved 1048576K
}
Event: 14.114 GC heap before
{Heap before GC invocations=10 (full 2):
 PSYoungGen      total 266752K, used 33975K [0x0000000780000000, 0x00000007a1800000, 0x0000000800000000)
  eden space 253440K, 8% used [0x0000000780000000,0x000000078142fa68,0x000000078f780000)
  from space 13312K, 99% used [0x000000078f780000,0x000000079047e260,0x0000000790480000)
  to   space 20992K, 0% used [0x00000007a0380000,0x00000007a0380000,0x00000007a1800000)
 ParOldGen       total 84992K, used 43851K [0x0000000680000000, 0x0000000685300000, 0x0000000780000000)
  object space 84992K, 51% used [0x0000000680000000,0x0000000682ad2eb0,0x0000000685300000)
 Metaspace       used 59189K, committed 59776K, reserved 1114112K
  class space    used 8338K, committed 8640K, reserved 1048576K
}
Event: 14.120 GC heap after
{Heap after GC invocations=10 (full 2):
 PSYoungGen      total 527872K, used 13826K [0x0000000780000000, 0x00000007a1800000, 0x0000000800000000)
  eden space 506880K, 0% used [0x0000000780000000,0x0000000780000000,0x000000079ef00000)
  from space 20992K, 65% used [0x00000007a0380000,0x00000007a1100a50,0x00000007a1800000)
  to   space 20992K, 0% used [0x000000079ef00000,0x000000079ef00000,0x00000007a0380000)
 ParOldGen       total 84992K, used 43859K [0x0000000680000000, 0x0000000685300000, 0x0000000780000000)
  object space 84992K, 51% used [0x0000000680000000,0x0000000682ad4eb0,0x0000000685300000)
 Metaspace       used 59189K, committed 59776K, reserved 1114112K
  class space    used 8338K, committed 8640K, reserved 1048576K
}
Event: 14.120 GC heap before
{Heap before GC invocations=11 (full 3):
 PSYoungGen      total 527872K, used 13826K [0x0000000780000000, 0x00000007a1800000, 0x0000000800000000)
  eden space 506880K, 0% used [0x0000000780000000,0x0000000780000000,0x000000079ef00000)
  from space 20992K, 65% used [0x00000007a0380000,0x00000007a1100a50,0x00000007a1800000)
  to   space 20992K, 0% used [0x000000079ef00000,0x000000079ef00000,0x00000007a0380000)
 ParOldGen       total 84992K, used 43859K [0x0000000680000000, 0x0000000685300000, 0x0000000780000000)
  object space 84992K, 51% used [0x0000000680000000,0x0000000682ad4eb0,0x0000000685300000)
 Metaspace       used 59189K, committed 59776K, reserved 1114112K
  class space    used 8338K, committed 8640K, reserved 1048576K
}
Event: 14.166 GC heap after
{Heap after GC invocations=11 (full 3):
 PSYoungGen      total 527872K, used 0K [0x0000000780000000, 0x00000007a1800000, 0x0000000800000000)
  eden space 506880K, 0% used [0x0000000780000000,0x0000000780000000,0x000000079ef00000)
  from space 20992K, 0% used [0x00000007a0380000,0x00000007a0380000,0x00000007a1800000)
  to   space 20992K, 0% used [0x000000079ef00000,0x000000079ef00000,0x00000007a0380000)
 ParOldGen       total 84992K, used 54711K [0x0000000680000000, 0x0000000685300000, 0x0000000780000000)
  object space 84992K, 64% used [0x0000000680000000,0x000000068356dfa8,0x0000000685300000)
 Metaspace       used 59189K, committed 59776K, reserved 1114112K
  class space    used 8338K, committed 8640K, reserved 1048576K
}
Event: 17.298 GC heap before
{Heap before GC invocations=12 (full 3):
 PSYoungGen      total 527872K, used 506880K [0x0000000780000000, 0x00000007a1800000, 0x0000000800000000)
  eden space 506880K, 100% used [0x0000000780000000,0x000000079ef00000,0x000000079ef00000)
  from space 20992K, 0% used [0x00000007a0380000,0x00000007a0380000,0x00000007a1800000)
  to   space 20992K, 0% used [0x000000079ef00000,0x000000079ef00000,0x00000007a0380000)
 ParOldGen       total 84992K, used 54711K [0x0000000680000000, 0x0000000685300000, 0x0000000780000000)
  object space 84992K, 64% used [0x0000000680000000,0x000000068356dfa8,0x0000000685300000)
 Metaspace       used 77508K, committed 78336K, reserved 1179648K
  class space    used 10749K, committed 11136K, reserved 1048576K
}
Event: 17.320 GC heap after
{Heap after GC invocations=12 (full 3):
 PSYoungGen      total 527872K, used 20966K [0x0000000780000000, 0x00000007c1700000, 0x0000000800000000)
  eden space 506880K, 0% used [0x0000000780000000,0x0000000780000000,0x000000079ef00000)
  from space 20992K, 99% used [0x000000079ef00000,0x00000007a0379920,0x00000007a0380000)
  to   space 29184K, 0% used [0x00000007bfa80000,0x00000007bfa80000,0x00000007c1700000)
 ParOldGen       total 84992K, used 68237K [0x0000000680000000, 0x0000000685300000, 0x0000000780000000)
  object space 84992K, 80% used [0x0000000680000000,0x00000006842a37d0,0x0000000685300000)
 Metaspace       used 77508K, committed 78336K, reserved 1179648K
  class space    used 10749K, committed 11136K, reserved 1048576K
}
Event: 25.358 GC heap before
{Heap before GC invocations=13 (full 3):
 PSYoungGen      total 527872K, used 419621K [0x0000000780000000, 0x00000007c1700000, 0x0000000800000000)
  eden space 506880K, 78% used [0x0000000780000000,0x000000079854fae8,0x000000079ef00000)
  from space 20992K, 99% used [0x000000079ef00000,0x00000007a0379920,0x00000007a0380000)
  to   space 29184K, 0% used [0x00000007bfa80000,0x00000007bfa80000,0x00000007c1700000)
 ParOldGen       total 84992K, used 68237K [0x0000000680000000, 0x0000000685300000, 0x0000000780000000)
  object space 84992K, 80% used [0x0000000680000000,0x00000006842a37d0,0x0000000685300000)
 Metaspace       used 98747K, committed 99648K, reserved 1179648K
  class space    used 13827K, committed 14272K, reserved 1048576K
}
Event: 25.376 GC heap after
{Heap after GC invocations=13 (full 3):
 PSYoungGen      total 1032192K, used 29158K [0x0000000780000000, 0x00000007c2c00000, 0x0000000800000000)
  eden space 1003008K, 0% used [0x0000000780000000,0x0000000780000000,0x00000007bd380000)
  from space 29184K, 99% used [0x00000007bfa80000,0x00000007c16f9a68,0x00000007c1700000)
  to   space 39936K, 0% used [0x00000007bd380000,0x00000007bd380000,0x00000007bfa80000)
 ParOldGen       total 86016K, used 85887K [0x0000000680000000, 0x0000000685400000, 0x0000000780000000)
  object space 86016K, 99% used [0x0000000680000000,0x00000006853dffc0,0x0000000685400000)
 Metaspace       used 98747K, committed 99648K, reserved 1179648K
  class space    used 13827K, committed 14272K, reserved 1048576K
}
Event: 25.376 GC heap before
{Heap before GC invocations=14 (full 4):
 PSYoungGen      total 1032192K, used 29158K [0x0000000780000000, 0x00000007c2c00000, 0x0000000800000000)
  eden space 1003008K, 0% used [0x0000000780000000,0x0000000780000000,0x00000007bd380000)
  from space 29184K, 99% used [0x00000007bfa80000,0x00000007c16f9a68,0x00000007c1700000)
  to   space 39936K, 0% used [0x00000007bd380000,0x00000007bd380000,0x00000007bfa80000)
 ParOldGen       total 86016K, used 85887K [0x0000000680000000, 0x0000000685400000, 0x0000000780000000)
  object space 86016K, 99% used [0x0000000680000000,0x00000006853dffc0,0x0000000685400000)
 Metaspace       used 98747K, committed 99648K, reserved 1179648K
  class space    used 13827K, committed 14272K, reserved 1048576K
}
Event: 25.483 GC heap after
{Heap after GC invocations=14 (full 4):
 PSYoungGen      total 1032192K, used 26482K [0x0000000780000000, 0x00000007c2c00000, 0x0000000800000000)
  eden space 1003008K, 0% used [0x0000000780000000,0x0000000780000000,0x00000007bd380000)
  from space 29184K, 90% used [0x00000007bfa80000,0x00000007c145c9c8,0x00000007c1700000)
  to   space 39936K, 0% used [0x00000007bd380000,0x00000007bd380000,0x00000007bfa80000)
 ParOldGen       total 86016K, used 85290K [0x0000000680000000, 0x0000000685400000, 0x0000000780000000)
  object space 86016K, 99% used [0x0000000680000000,0x000000068534a9e0,0x0000000685400000)
 Metaspace       used 98653K, committed 99648K, reserved 1179648K
  class space    used 13804K, committed 14272K, reserved 1048576K
}
Event: 33.739 GC heap before
{Heap before GC invocations=15 (full 5):
 PSYoungGen      total 1032192K, used 1029490K [0x0000000780000000, 0x00000007c2c00000, 0x0000000800000000)
  eden space 1003008K, 100% used [0x0000000780000000,0x00000007bd380000,0x00000007bd380000)
  from space 29184K, 90% used [0x00000007bfa80000,0x00000007c145c9c8,0x00000007c1700000)
  to   space 39936K, 0% used [0x00000007bd380000,0x00000007bd380000,0x00000007bfa80000)
 ParOldGen       total 86016K, used 85290K [0x0000000680000000, 0x0000000685400000, 0x0000000780000000)
  object space 86016K, 99% used [0x0000000680000000,0x000000068534a9e0,0x0000000685400000)
 Metaspace       used 123608K, committed 125376K, reserved 1179648K
  class space    used 16974K, committed 17728K, reserved 1048576K
}
Event: 34.062 GC heap after
{Heap after GC invocations=15 (full 5):
 PSYoungGen      total 1042944K, used 177054K [0x0000000780000000, 0x00000007d3e80000, 0x0000000800000000)
  eden space 1003008K, 17% used [0x0000000780000000,0x000000078ace7838,0x00000007bd380000)
  from space 39936K, 0% used [0x00000007bd380000,0x00000007bd380000,0x00000007bfa80000)
  to   space 29184K, 0% used [0x00000007bfa80000,0x00000007bfa80000,0x00000007c1700000)
 ParOldGen       total 158720K, used 85959K [0x0000000680000000, 0x0000000689b00000, 0x0000000780000000)
  object space 158720K, 54% used [0x0000000680000000,0x00000006853f1f70,0x0000000689b00000)
 Metaspace       used 123608K, committed 125376K, reserved 1179648K
  class space    used 16974K, committed 17728K, reserved 1048576K
}
Event: 69.663 GC heap before
{Heap before GC invocations=16 (full 5):
 PSYoungGen      total 1042944K, used 1003008K [0x0000000780000000, 0x00000007d3e80000, 0x0000000800000000)
  eden space 1003008K, 100% used [0x0000000780000000,0x00000007bd380000,0x00000007bd380000)
  from space 39936K, 0% used [0x00000007bd380000,0x00000007bd380000,0x00000007bfa80000)
  to   space 29184K, 0% used [0x00000007bfa80000,0x00000007bfa80000,0x00000007c1700000)
 ParOldGen       total 158720K, used 85959K [0x0000000680000000, 0x0000000689b00000, 0x0000000780000000)
  object space 158720K, 54% used [0x0000000680000000,0x00000006853f1f70,0x0000000689b00000)
 Metaspace       used 136692K, committed 138816K, reserved 1179648K
  class space    used 18507K, committed 19456K, reserved 1048576K
}
Event: 69.928 GC heap after
{Heap after GC invocations=16 (full 5):
 PSYoungGen      total 935424K, used 29161K [0x0000000780000000, 0x00000007ddb00000, 0x0000000800000000)
  eden space 906240K, 0% used [0x0000000780000000,0x0000000780000000,0x00000007b7500000)
  from space 29184K, 99% used [0x00000007bfa80000,0x00000007c16fa460,0x00000007c1700000)
  to   space 136704K, 0% used [0x00000007b7500000,0x00000007b7500000,0x00000007bfa80000)
 ParOldGen       total 342016K, used 341739K [0x0000000680000000, 0x0000000694e00000, 0x0000000780000000)
  object space 342016K, 99% used [0x0000000680000000,0x0000000694dbad70,0x0000000694e00000)
 Metaspace       used 136692K, committed 138816K, reserved 1179648K
  class space    used 18507K, committed 19456K, reserved 1048576K
}

