# JRE version: OpenJDK Runtime Environment Temurin-17.0.16+8 (17.0.16+8) (build 17.0.16+8)
# Java VM: OpenJDK 64-Bit Server VM Temurin-17.0.16+8 (17.0.16+8, mixed mode, sharing, tiered, compressed oops, compressed class ptrs, g1 gc, windows-amd64)
GC Precious Log:
 CPUs: 8 total, 8 available
 Memory: 7413M
 Large Page Support: Disabled
 NUMA Support: Disabled
 Compressed Oops: Enabled (32-bit)
 Heap Region Size: 1M
 Heap Min Capacity: 8M
 Heap Initial Capacity: 116M
 Heap Max Capacity: 1854M
 Pre-touch: Disabled
 Parallel Workers: 8
 Concurrent Workers: 2
 Concurrent Refinement Workers: 8
 Periodic GC: Disabled
Heap:
 garbage-first heap   total 68608K, used 52729K [0x000000008c200000, 0x0000000100000000)
  region size 1024K, 14 young (14336K), 1 survivors (1024K)
 Metaspace       used 48000K, committed 48256K, reserved 1114112K
  class space    used 5761K, committed 5888K, reserved 1048576K
GC Heap History (20 events):
Event: 40.366 GC heap before
{Heap before GC invocations=7 (full 0):
 garbage-first heap   total 55296K, used 42823K [0x000000008c200000, 0x0000000100000000)
  region size 1024K, 23 young (23552K), 3 survivors (3072K)
 Metaspace       used 34595K, committed 34880K, reserved 1114112K
  class space    used 4234K, committed 4352K, reserved 1048576K
}
Event: 40.379 GC heap after
{Heap after GC invocations=8 (full 0):
 garbage-first heap   total 55296K, used 25429K [0x000000008c200000, 0x0000000100000000)
  region size 1024K, 3 young (3072K), 3 survivors (3072K)
 Metaspace       used 34595K, committed 34880K, reserved 1114112K
  class space    used 4234K, committed 4352K, reserved 1048576K
}
Event: 42.132 GC heap before
{Heap before GC invocations=8 (full 0):
 garbage-first heap   total 55296K, used 41813K [0x000000008c200000, 0x0000000100000000)
  region size 1024K, 19 young (19456K), 3 survivors (3072K)
 Metaspace       used 35470K, committed 35712K, reserved 1114112K
  class space    used 4319K, committed 4480K, reserved 1048576K
}
Event: 42.144 GC heap after
{Heap after GC invocations=9 (full 0):
 garbage-first heap   total 55296K, used 29133K [0x000000008c200000, 0x0000000100000000)
  region size 1024K, 3 young (3072K), 3 survivors (3072K)
 Metaspace       used 35470K, committed 35712K, reserved 1114112K
  class space    used 4319K, committed 4480K, reserved 1048576K
}
Event: 42.962 GC heap before
{Heap before GC invocations=9 (full 0):
 garbage-first heap   total 55296K, used 41421K [0x000000008c200000, 0x0000000100000000)
  region size 1024K, 15 young (15360K), 3 survivors (3072K)
 Metaspace       used 35493K, committed 35776K, reserved 1114112K
  class space    used 4320K, committed 4480K, reserved 1048576K
}
Event: 42.970 GC heap after
{Heap after GC invocations=10 (full 0):
 garbage-first heap   total 55296K, used 29891K [0x000000008c200000, 0x0000000100000000)
  region size 1024K, 2 young (2048K), 2 survivors (2048K)
 Metaspace       used 35493K, committed 35776K, reserved 1114112K
  class space    used 4320K, committed 4480K, reserved 1048576K
}
Event: 45.547 GC heap before
{Heap before GC invocations=11 (full 0):
 garbage-first heap   total 55296K, used 42179K [0x000000008c200000, 0x0000000100000000)
  region size 1024K, 14 young (14336K), 2 survivors (2048K)
 Metaspace       used 37639K, committed 37888K, reserved 1114112K
  class space    used 4568K, committed 4736K, reserved 1048576K
}
Event: 45.553 GC heap after
{Heap after GC invocations=12 (full 0):
 garbage-first heap   total 55296K, used 30087K [0x000000008c200000, 0x0000000100000000)
  region size 1024K, 2 young (2048K), 2 survivors (2048K)
 Metaspace       used 37639K, committed 37888K, reserved 1114112K
  class space    used 4568K, committed 4736K, reserved 1048576K
}
Event: 49.002 GC heap before
{Heap before GC invocations=12 (full 0):
 garbage-first heap   total 55296K, used 41351K [0x000000008c200000, 0x0000000100000000)
  region size 1024K, 13 young (13312K), 2 survivors (2048K)
 Metaspace       used 39087K, committed 39424K, reserved 1114112K
  class space    used 4710K, committed 4864K, reserved 1048576K
}
Event: 49.012 GC heap after
{Heap after GC invocations=13 (full 0):
 garbage-first heap   total 55296K, used 31906K [0x000000008c200000, 0x0000000100000000)
  region size 1024K, 2 young (2048K), 2 survivors (2048K)
 Metaspace       used 39087K, committed 39424K, reserved 1114112K
  class space    used 4710K, committed 4864K, reserved 1048576K
}
Event: 51.538 GC heap before
{Heap before GC invocations=14 (full 0):
 garbage-first heap   total 56320K, used 43170K [0x000000008c200000, 0x0000000100000000)
  region size 1024K, 13 young (13312K), 2 survivors (2048K)
 Metaspace       used 39872K, committed 40128K, reserved 1114112K
  class space    used 4776K, committed 4928K, reserved 1048576K
}
Event: 51.546 GC heap after
{Heap after GC invocations=15 (full 0):
 garbage-first heap   total 56320K, used 33361K [0x000000008c200000, 0x0000000100000000)
  region size 1024K, 2 young (2048K), 2 survivors (2048K)
 Metaspace       used 39872K, committed 40128K, reserved 1114112K
  class space    used 4776K, committed 4928K, reserved 1048576K
}
Event: 53.100 GC heap before
{Heap before GC invocations=15 (full 0):
 garbage-first heap   total 56320K, used 43601K [0x000000008c200000, 0x0000000100000000)
  region size 1024K, 12 young (12288K), 2 survivors (2048K)
 Metaspace       used 42882K, committed 43072K, reserved 1114112K
  class space    used 5192K, committed 5312K, reserved 1048576K
}
Event: 53.107 GC heap after
{Heap after GC invocations=16 (full 0):
 garbage-first heap   total 56320K, used 34277K [0x000000008c200000, 0x0000000100000000)
  region size 1024K, 1 young (1024K), 1 survivors (1024K)
 Metaspace       used 42882K, committed 43072K, reserved 1114112K
  class space    used 5192K, committed 5312K, reserved 1048576K
}
Event: 55.752 GC heap before
{Heap before GC invocations=17 (full 0):
 garbage-first heap   total 60416K, used 43493K [0x000000008c200000, 0x0000000100000000)
  region size 1024K, 11 young (11264K), 1 survivors (1024K)
 Metaspace       used 44757K, committed 44992K, reserved 1114112K
  class space    used 5463K, committed 5568K, reserved 1048576K
}
Event: 55.761 GC heap after
{Heap after GC invocations=18 (full 0):
 garbage-first heap   total 60416K, used 35810K [0x000000008c200000, 0x0000000100000000)
  region size 1024K, 2 young (2048K), 2 survivors (2048K)
 Metaspace       used 44757K, committed 44992K, reserved 1114112K
  class space    used 5463K, committed 5568K, reserved 1048576K
}
Event: 62.388 GC heap before
{Heap before GC invocations=18 (full 0):
 garbage-first heap   total 60416K, used 49122K [0x000000008c200000, 0x0000000100000000)
  region size 1024K, 15 young (15360K), 2 survivors (2048K)
 Metaspace       used 45781K, committed 46016K, reserved 1114112K
  class space    used 5516K, committed 5632K, reserved 1048576K
}
Event: 62.404 GC heap after
{Heap after GC invocations=19 (full 0):
 garbage-first heap   total 60416K, used 39245K [0x000000008c200000, 0x0000000100000000)
  region size 1024K, 2 young (2048K), 2 survivors (2048K)
 Metaspace       used 45781K, committed 46016K, reserved 1114112K
  class space    used 5516K, committed 5632K, reserved 1048576K
}
Event: 64.378 GC heap before
{Heap before GC invocations=20 (full 0):
 garbage-first heap   total 68608K, used 46413K [0x000000008c200000, 0x0000000100000000)
  region size 1024K, 10 young (10240K), 2 survivors (2048K)
 Metaspace       used 47211K, committed 47488K, reserved 1114112K
  class space    used 5685K, committed 5824K, reserved 1048576K
}
Event: 64.388 GC heap after
{Heap after GC invocations=21 (full 0):
 garbage-first heap   total 68608K, used 40441K [0x000000008c200000, 0x0000000100000000)
  region size 1024K, 1 young (1024K), 1 survivors (1024K)
 Metaspace       used 47211K, committed 47488K, reserved 1114112K
  class space    used 5685K, committed 5824K, reserved 1048576K
}

