# JRE version: OpenJDK Runtime Environment Temurin-17.0.16+8 (17.0.16+8) (build 17.0.16+8)
# Java VM: OpenJDK 64-Bit Server VM Temurin-17.0.16+8 (17.0.16+8, mixed mode, sharing, tiered, compressed oops, compressed class ptrs, g1 gc, windows-amd64)
GC Precious Log:
 CPUs: 8 total, 8 available
 Memory: 7413M
 Large Page Support: Disabled
 NUMA Support: Disabled
 Compressed Oops: Enabled (Zero based)
 Heap Region Size: 2M
 Heap Min Capacity: 8M
 Heap Initial Capacity: 116M
 Heap Max Capacity: 4G
 Pre-touch: Disabled
 Parallel Workers: 8
 Concurrent Workers: 2
 Concurrent Refinement Workers: 8
 Periodic GC: Disabled
Heap:
 garbage-first heap   total 192512K, used 144943K [0x0000000700000000, 0x0000000800000000)
  region size 2048K, 5 young (10240K), 2 survivors (4096K)
 Metaspace       used 94572K, committed 95616K, reserved 557056K
  class space    used 13308K, committed 13760K, reserved 425984K
GC Heap History (20 events):
Event: 117.845 GC heap before
{Heap before GC invocations=54 (full 0):
 garbage-first heap   total 192512K, used 116908K [0x0000000700000000, 0x0000000800000000)
  region size 2048K, 4 young (8192K), 1 survivors (2048K)
 Metaspace       used 78549K, committed 79296K, reserved 557056K
  class space    used 10933K, committed 11264K, reserved 425984K
}
Event: 117.847 GC heap after
{Heap after GC invocations=55 (full 0):
 garbage-first heap   total 192512K, used 110470K [0x0000000700000000, 0x0000000800000000)
  region size 2048K, 1 young (2048K), 1 survivors (2048K)
 Metaspace       used 78549K, committed 79296K, reserved 557056K
  class space    used 10933K, committed 11264K, reserved 425984K
}
Event: 118.896 GC heap before
{Heap before GC invocations=55 (full 0):
 garbage-first heap   total 192512K, used 157574K [0x0000000700000000, 0x0000000800000000)
  region size 2048K, 24 young (49152K), 1 survivors (2048K)
 Metaspace       used 80323K, committed 81024K, reserved 557056K
  class space    used 11198K, committed 11520K, reserved 425984K
}
Event: 118.902 GC heap after
{Heap after GC invocations=56 (full 0):
 garbage-first heap   total 192512K, used 112996K [0x0000000700000000, 0x0000000800000000)
  region size 2048K, 2 young (4096K), 2 survivors (4096K)
 Metaspace       used 80323K, committed 81024K, reserved 557056K
  class space    used 11198K, committed 11520K, reserved 425984K
}
Event: 161.288 GC heap before
{Heap before GC invocations=56 (full 0):
 garbage-first heap   total 192512K, used 158052K [0x0000000700000000, 0x0000000800000000)
  region size 2048K, 24 young (49152K), 2 survivors (4096K)
 Metaspace       used 81194K, committed 81920K, reserved 557056K
  class space    used 11318K, committed 11648K, reserved 425984K
}
Event: 161.296 GC heap after
{Heap after GC invocations=57 (full 0):
 garbage-first heap   total 192512K, used 117277K [0x0000000700000000, 0x0000000800000000)
  region size 2048K, 3 young (6144K), 3 survivors (6144K)
 Metaspace       used 81194K, committed 81920K, reserved 557056K
  class space    used 11318K, committed 11648K, reserved 425984K
}
Event: 163.407 GC heap before
{Heap before GC invocations=57 (full 0):
 garbage-first heap   total 192512K, used 158237K [0x0000000700000000, 0x0000000800000000)
  region size 2048K, 23 young (47104K), 3 survivors (6144K)
 Metaspace       used 83867K, committed 84672K, reserved 557056K
  class space    used 11685K, committed 12096K, reserved 425984K
}
Event: 163.414 GC heap after
{Heap after GC invocations=58 (full 0):
 garbage-first heap   total 192512K, used 120248K [0x0000000700000000, 0x0000000800000000)
  region size 2048K, 2 young (4096K), 2 survivors (4096K)
 Metaspace       used 83867K, committed 84672K, reserved 557056K
  class space    used 11685K, committed 12096K, reserved 425984K
}
Event: 165.719 GC heap before
{Heap before GC invocations=58 (full 0):
 garbage-first heap   total 192512K, used 159160K [0x0000000700000000, 0x0000000800000000)
  region size 2048K, 21 young (43008K), 2 survivors (4096K)
 Metaspace       used 86551K, committed 87360K, reserved 557056K
  class space    used 12216K, committed 12608K, reserved 425984K
}
Event: 165.722 GC heap after
{Heap after GC invocations=59 (full 0):
 garbage-first heap   total 192512K, used 119987K [0x0000000700000000, 0x0000000800000000)
  region size 2048K, 2 young (4096K), 2 survivors (4096K)
 Metaspace       used 86551K, committed 87360K, reserved 557056K
  class space    used 12216K, committed 12608K, reserved 425984K
}
Event: 167.459 GC heap before
{Heap before GC invocations=59 (full 0):
 garbage-first heap   total 192512K, used 158899K [0x0000000700000000, 0x0000000800000000)
  region size 2048K, 21 young (43008K), 2 survivors (4096K)
 Metaspace       used 89140K, committed 89984K, reserved 557056K
  class space    used 12589K, committed 12992K, reserved 425984K
}
Event: 167.463 GC heap after
{Heap after GC invocations=60 (full 0):
 garbage-first heap   total 192512K, used 121509K [0x0000000700000000, 0x0000000800000000)
  region size 2048K, 2 young (4096K), 2 survivors (4096K)
 Metaspace       used 89140K, committed 89984K, reserved 557056K
  class space    used 12589K, committed 12992K, reserved 425984K
}
Event: 170.390 GC heap before
{Heap before GC invocations=60 (full 0):
 garbage-first heap   total 192512K, used 162469K [0x0000000700000000, 0x0000000800000000)
  region size 2048K, 22 young (45056K), 2 survivors (4096K)
 Metaspace       used 90645K, committed 91520K, reserved 557056K
  class space    used 12802K, committed 13248K, reserved 425984K
}
Event: 170.398 GC heap after
{Heap after GC invocations=61 (full 0):
 garbage-first heap   total 192512K, used 125314K [0x0000000700000000, 0x0000000800000000)
  region size 2048K, 3 young (6144K), 3 survivors (6144K)
 Metaspace       used 90645K, committed 91520K, reserved 557056K
  class space    used 12802K, committed 13248K, reserved 425984K
}
Event: 175.552 GC heap before
{Heap before GC invocations=61 (full 0):
 garbage-first heap   total 192512K, used 160130K [0x0000000700000000, 0x0000000800000000)
  region size 2048K, 20 young (40960K), 3 survivors (6144K)
 Metaspace       used 91939K, committed 92928K, reserved 557056K
  class space    used 12956K, committed 13440K, reserved 425984K
}
Event: 175.560 GC heap after
{Heap after GC invocations=62 (full 0):
 garbage-first heap   total 192512K, used 130046K [0x0000000700000000, 0x0000000800000000)
  region size 2048K, 3 young (6144K), 3 survivors (6144K)
 Metaspace       used 91939K, committed 92928K, reserved 557056K
  class space    used 12956K, committed 13440K, reserved 425984K
}
Event: 177.695 GC heap before
{Heap before GC invocations=62 (full 0):
 garbage-first heap   total 192512K, used 158718K [0x0000000700000000, 0x0000000800000000)
  region size 2048K, 17 young (34816K), 3 survivors (6144K)
 Metaspace       used 94161K, committed 95104K, reserved 557056K
  class space    used 13266K, committed 13696K, reserved 425984K
}
Event: 177.703 GC heap after
{Heap after GC invocations=63 (full 0):
 garbage-first heap   total 192512K, used 135094K [0x0000000700000000, 0x0000000800000000)
  region size 2048K, 3 young (6144K), 3 survivors (6144K)
 Metaspace       used 94161K, committed 95104K, reserved 557056K
  class space    used 13266K, committed 13696K, reserved 425984K
}
Event: 181.485 GC heap before
{Heap before GC invocations=63 (full 0):
 garbage-first heap   total 192512K, used 157622K [0x0000000700000000, 0x0000000800000000)
  region size 2048K, 15 young (30720K), 3 survivors (6144K)
 Metaspace       used 94475K, committed 95424K, reserved 557056K
  class space    used 13294K, committed 13696K, reserved 425984K
}
Event: 183.455 GC heap after
{Heap after GC invocations=64 (full 0):
 garbage-first heap   total 192512K, used 140847K [0x0000000700000000, 0x0000000800000000)
  region size 2048K, 2 young (4096K), 2 survivors (4096K)
 Metaspace       used 94475K, committed 95424K, reserved 557056K
  class space    used 13294K, committed 13696K, reserved 425984K
}

