# JRE version: OpenJDK Runtime Environment Temurin-17.0.16+8 (17.0.16+8) (build 17.0.16+8)
# Java VM: OpenJDK 64-Bit Server VM Temurin-17.0.16+8 (17.0.16+8, mixed mode, sharing, tiered, compressed oops, compressed class ptrs, g1 gc, windows-amd64)
GC Precious Log:
 CPUs: 8 total, 8 available
 Memory: 7413M
 Large Page Support: Disabled
 NUMA Support: Disabled
 Compressed Oops: Enabled (32-bit)
 Heap Region Size: 1M
 Heap Min Capacity: 8M
 Heap Initial Capacity: 116M
 Heap Max Capacity: 1854M
 Pre-touch: Disabled
 Parallel Workers: 8
 Concurrent Workers: 2
 Concurrent Refinement Workers: 8
 Periodic GC: Disabled
Heap:
 garbage-first heap   total 307200K, used 244578K [0x000000008c200000, 0x0000000100000000)
  region size 1024K, 105 young (107520K), 9 survivors (9216K)
 Metaspace       used 82036K, committed 82304K, reserved 1179648K
  class space    used 8303K, committed 8448K, reserved 1048576K
GC Heap History (20 events):
Event: 25.362 GC heap before
{Heap before GC invocations=24 (full 0):
 garbage-first heap   total 307200K, used 86560K [0x000000008c200000, 0x0000000100000000)
  region size 1024K, 15 young (15360K), 3 survivors (3072K)
 Metaspace       used 49603K, committed 49920K, reserved 1114112K
  class space    used 5780K, committed 5952K, reserved 1048576K
}
Event: 25.365 GC heap after
{Heap after GC invocations=25 (full 0):
 garbage-first heap   total 307200K, used 73982K [0x000000008c200000, 0x0000000100000000)
  region size 1024K, 1 young (1024K), 1 survivors (1024K)
 Metaspace       used 49603K, committed 49920K, reserved 1114112K
  class space    used 5780K, committed 5952K, reserved 1048576K
}
Event: 39.918 GC heap before
{Heap before GC invocations=25 (full 0):
 garbage-first heap   total 307200K, used 231678K [0x000000008c200000, 0x0000000100000000)
  region size 1024K, 154 young (157696K), 1 survivors (1024K)
 Metaspace       used 55614K, committed 55936K, reserved 1114112K
  class space    used 6234K, committed 6400K, reserved 1048576K
}
Event: 39.936 GC heap after
{Heap after GC invocations=26 (full 0):
 garbage-first heap   total 307200K, used 90589K [0x000000008c200000, 0x0000000100000000)
  region size 1024K, 17 young (17408K), 17 survivors (17408K)
 Metaspace       used 55614K, committed 55936K, reserved 1114112K
  class space    used 6234K, committed 6400K, reserved 1048576K
}
Event: 49.031 GC heap before
{Heap before GC invocations=26 (full 0):
 garbage-first heap   total 307200K, used 218589K [0x000000008c200000, 0x0000000100000000)
  region size 1024K, 142 young (145408K), 17 survivors (17408K)
 Metaspace       used 56334K, committed 56640K, reserved 1114112K
  class space    used 6244K, committed 6400K, reserved 1048576K
}
Event: 49.055 GC heap after
{Heap after GC invocations=27 (full 0):
 garbage-first heap   total 307200K, used 100516K [0x000000008c200000, 0x0000000100000000)
  region size 1024K, 10 young (10240K), 10 survivors (10240K)
 Metaspace       used 56334K, committed 56640K, reserved 1114112K
  class space    used 6244K, committed 6400K, reserved 1048576K
}
Event: 54.236 GC heap before
{Heap before GC invocations=27 (full 0):
 garbage-first heap   total 307200K, used 229540K [0x000000008c200000, 0x0000000100000000)
  region size 1024K, 136 young (139264K), 10 survivors (10240K)
 Metaspace       used 57305K, committed 57600K, reserved 1114112K
  class space    used 6289K, committed 6464K, reserved 1048576K
}
Event: 54.249 GC heap after
{Heap after GC invocations=28 (full 0):
 garbage-first heap   total 307200K, used 105192K [0x000000008c200000, 0x0000000100000000)
  region size 1024K, 15 young (15360K), 15 survivors (15360K)
 Metaspace       used 57305K, committed 57600K, reserved 1114112K
  class space    used 6289K, committed 6464K, reserved 1048576K
}
Event: 59.188 GC heap before
{Heap before GC invocations=28 (full 0):
 garbage-first heap   total 307200K, used 239336K [0x000000008c200000, 0x0000000100000000)
  region size 1024K, 146 young (149504K), 15 survivors (15360K)
 Metaspace       used 64238K, committed 64576K, reserved 1114112K
  class space    used 6888K, committed 7040K, reserved 1048576K
}
Event: 59.215 GC heap after
{Heap after GC invocations=29 (full 0):
 garbage-first heap   total 307200K, used 120832K [0x000000008c200000, 0x0000000100000000)
  region size 1024K, 19 young (19456K), 19 survivors (19456K)
 Metaspace       used 64238K, committed 64576K, reserved 1114112K
  class space    used 6888K, committed 7040K, reserved 1048576K
}
Event: 64.865 GC heap before
{Heap before GC invocations=29 (full 0):
 garbage-first heap   total 307200K, used 241664K [0x000000008c200000, 0x0000000100000000)
  region size 1024K, 137 young (140288K), 19 survivors (19456K)
 Metaspace       used 73808K, committed 74112K, reserved 1179648K
  class space    used 7782K, committed 7936K, reserved 1048576K
}
Event: 64.903 GC heap after
{Heap after GC invocations=30 (full 0):
 garbage-first heap   total 307200K, used 137967K [0x000000008c200000, 0x0000000100000000)
  region size 1024K, 17 young (17408K), 17 survivors (17408K)
 Metaspace       used 73808K, committed 74112K, reserved 1179648K
  class space    used 7782K, committed 7936K, reserved 1048576K
}
Event: 69.866 GC heap before
{Heap before GC invocations=30 (full 0):
 garbage-first heap   total 307200K, used 241391K [0x000000008c200000, 0x0000000100000000)
  region size 1024K, 118 young (120832K), 17 survivors (17408K)
 Metaspace       used 75468K, committed 75776K, reserved 1179648K
  class space    used 7894K, committed 8064K, reserved 1048576K
}
Event: 69.906 GC heap after
{Heap after GC invocations=31 (full 0):
 garbage-first heap   total 307200K, used 143207K [0x000000008c200000, 0x0000000100000000)
  region size 1024K, 6 young (6144K), 6 survivors (6144K)
 Metaspace       used 75468K, committed 75776K, reserved 1179648K
  class space    used 7894K, committed 8064K, reserved 1048576K
}
Event: 73.486 GC heap before
{Heap before GC invocations=31 (full 0):
 garbage-first heap   total 307200K, used 246631K [0x000000008c200000, 0x0000000100000000)
  region size 1024K, 107 young (109568K), 6 survivors (6144K)
 Metaspace       used 76110K, committed 76416K, reserved 1179648K
  class space    used 7920K, committed 8064K, reserved 1048576K
}
Event: 73.495 GC heap after
{Heap after GC invocations=32 (full 0):
 garbage-first heap   total 307200K, used 144986K [0x000000008c200000, 0x0000000100000000)
  region size 1024K, 8 young (8192K), 8 survivors (8192K)
 Metaspace       used 76110K, committed 76416K, reserved 1179648K
  class space    used 7920K, committed 8064K, reserved 1048576K
}
Event: 77.592 GC heap before
{Heap before GC invocations=32 (full 0):
 garbage-first heap   total 307200K, used 250458K [0x000000008c200000, 0x0000000100000000)
  region size 1024K, 111 young (113664K), 8 survivors (8192K)
 Metaspace       used 78500K, committed 78784K, reserved 1179648K
  class space    used 8105K, committed 8256K, reserved 1048576K
}
Event: 77.604 GC heap after
{Heap after GC invocations=33 (full 0):
 garbage-first heap   total 307200K, used 147851K [0x000000008c200000, 0x0000000100000000)
  region size 1024K, 11 young (11264K), 11 survivors (11264K)
 Metaspace       used 78500K, committed 78784K, reserved 1179648K
  class space    used 8105K, committed 8256K, reserved 1048576K
}
Event: 81.076 GC heap before
{Heap before GC invocations=33 (full 0):
 garbage-first heap   total 307200K, used 186763K [0x000000008c200000, 0x0000000100000000)
  region size 1024K, 50 young (51200K), 11 survivors (11264K)
 Metaspace       used 81270K, committed 81536K, reserved 1179648K
  class space    used 8290K, committed 8448K, reserved 1048576K
}
Event: 81.101 GC heap after
{Heap after GC invocations=34 (full 0):
 garbage-first heap   total 307200K, used 150370K [0x000000008c200000, 0x0000000100000000)
  region size 1024K, 9 young (9216K), 9 survivors (9216K)
 Metaspace       used 81270K, committed 81536K, reserved 1179648K
  class space    used 8290K, committed 8448K, reserved 1048576K
}

