# JRE version: OpenJDK Runtime Environment Temurin-17.0.16+8 (17.0.16+8) (build 17.0.16+8)
# Java VM: OpenJDK 64-Bit Server VM Temurin-17.0.16+8 (17.0.16+8, mixed mode, sharing, tiered, compressed oops, compressed class ptrs, g1 gc, windows-amd64)
GC Precious Log:
 CPUs: 8 total, 8 available
 Memory: 7413M
 Large Page Support: Disabled
 NUMA Support: Disabled
 Compressed Oops: Enabled (32-bit)
 Heap Region Size: 1M
 Heap Min Capacity: 8M
 Heap Initial Capacity: 116M
 Heap Max Capacity: 1854M
 Pre-touch: Disabled
 Parallel Workers: 8
 Concurrent Workers: 2
 Concurrent Refinement Workers: 8
 Periodic GC: Disabled
Heap:
 garbage-first heap   total 221184K, used 169593K [0x000000008c200000, 0x0000000100000000)
  region size 1024K, 30 young (30720K), 3 survivors (3072K)
 Metaspace       used 75187K, committed 75520K, reserved 1179648K
  class space    used 7893K, committed 8064K, reserved 1048576K
GC Heap History (20 events):
Event: 40.259 GC heap before
{Heap before GC invocations=32 (full 0):
 garbage-first heap   total 221184K, used 178944K [0x000000008c200000, 0x0000000100000000)
  region size 1024K, 104 young (106496K), 6 survivors (6144K)
 Metaspace       used 55382K, committed 55616K, reserved 1114112K
  class space    used 6217K, committed 6336K, reserved 1048576K
}
Event: 40.277 GC heap after
{Heap after GC invocations=33 (full 0):
 garbage-first heap   total 221184K, used 89720K [0x000000008c200000, 0x0000000100000000)
  region size 1024K, 13 young (13312K), 13 survivors (13312K)
 Metaspace       used 55382K, committed 55616K, reserved 1114112K
  class space    used 6217K, committed 6336K, reserved 1048576K
}
Event: 44.940 GC heap before
{Heap before GC invocations=33 (full 0):
 garbage-first heap   total 221184K, used 174712K [0x000000008c200000, 0x0000000100000000)
  region size 1024K, 96 young (98304K), 13 survivors (13312K)
 Metaspace       used 56030K, committed 56320K, reserved 1114112K
  class space    used 6243K, committed 6400K, reserved 1048576K
}
Event: 44.959 GC heap after
{Heap after GC invocations=34 (full 0):
 garbage-first heap   total 221184K, used 96131K [0x000000008c200000, 0x0000000100000000)
  region size 1024K, 6 young (6144K), 6 survivors (6144K)
 Metaspace       used 56030K, committed 56320K, reserved 1114112K
  class space    used 6243K, committed 6400K, reserved 1048576K
}
Event: 48.649 GC heap before
{Heap before GC invocations=34 (full 0):
 garbage-first heap   total 221184K, used 178051K [0x000000008c200000, 0x0000000100000000)
  region size 1024K, 86 young (88064K), 6 survivors (6144K)
 Metaspace       used 56397K, committed 56704K, reserved 1114112K
  class space    used 6245K, committed 6400K, reserved 1048576K
}
Event: 48.661 GC heap after
{Heap after GC invocations=35 (full 0):
 garbage-first heap   total 221184K, used 100499K [0x000000008c200000, 0x0000000100000000)
  region size 1024K, 11 young (11264K), 11 survivors (11264K)
 Metaspace       used 56397K, committed 56704K, reserved 1114112K
  class space    used 6245K, committed 6400K, reserved 1048576K
}
Event: 52.699 GC heap before
{Heap before GC invocations=35 (full 0):
 garbage-first heap   total 221184K, used 179347K [0x000000008c200000, 0x0000000100000000)
  region size 1024K, 88 young (90112K), 11 survivors (11264K)
 Metaspace       used 57060K, committed 57344K, reserved 1114112K
  class space    used 6280K, committed 6400K, reserved 1048576K
}
Event: 52.715 GC heap after
{Heap after GC invocations=36 (full 0):
 garbage-first heap   total 221184K, used 106611K [0x000000008c200000, 0x0000000100000000)
  region size 1024K, 11 young (11264K), 11 survivors (11264K)
 Metaspace       used 57060K, committed 57344K, reserved 1114112K
  class space    used 6280K, committed 6400K, reserved 1048576K
}
Event: 55.267 GC heap before
{Heap before GC invocations=36 (full 0):
 garbage-first heap   total 221184K, used 181363K [0x000000008c200000, 0x0000000100000000)
  region size 1024K, 84 young (86016K), 11 survivors (11264K)
 Metaspace       used 60491K, committed 60736K, reserved 1114112K
  class space    used 6571K, committed 6720K, reserved 1048576K
}
Event: 55.279 GC heap after
{Heap after GC invocations=37 (full 0):
 garbage-first heap   total 221184K, used 108355K [0x000000008c200000, 0x0000000100000000)
  region size 1024K, 8 young (8192K), 8 survivors (8192K)
 Metaspace       used 60491K, committed 60736K, reserved 1114112K
  class space    used 6571K, committed 6720K, reserved 1048576K
}
Event: 59.013 GC heap before
{Heap before GC invocations=37 (full 0):
 garbage-first heap   total 221184K, used 183107K [0x000000008c200000, 0x0000000100000000)
  region size 1024K, 81 young (82944K), 8 survivors (8192K)
 Metaspace       used 64179K, committed 64512K, reserved 1114112K
  class space    used 6890K, committed 7040K, reserved 1048576K
}
Event: 59.035 GC heap after
{Heap after GC invocations=38 (full 0):
 garbage-first heap   total 221184K, used 119540K [0x000000008c200000, 0x0000000100000000)
  region size 1024K, 11 young (11264K), 11 survivors (11264K)
 Metaspace       used 64179K, committed 64512K, reserved 1114112K
  class space    used 6890K, committed 7040K, reserved 1048576K
}
Event: 64.269 GC heap before
{Heap before GC invocations=38 (full 0):
 garbage-first heap   total 221184K, used 179956K [0x000000008c200000, 0x0000000100000000)
  region size 1024K, 70 young (71680K), 11 survivors (11264K)
 Metaspace       used 66583K, committed 66880K, reserved 1114112K
  class space    used 7159K, committed 7296K, reserved 1048576K
}
Event: 64.301 GC heap after
{Heap after GC invocations=39 (full 0):
 garbage-first heap   total 221184K, used 133256K [0x000000008c200000, 0x0000000100000000)
  region size 1024K, 9 young (9216K), 9 survivors (9216K)
 Metaspace       used 66583K, committed 66880K, reserved 1114112K
  class space    used 7159K, committed 7296K, reserved 1048576K
}
Event: 69.599 GC heap before
{Heap before GC invocations=39 (full 0):
 garbage-first heap   total 221184K, used 178312K [0x000000008c200000, 0x0000000100000000)
  region size 1024K, 53 young (54272K), 9 survivors (9216K)
 Metaspace       used 71252K, committed 71552K, reserved 1114112K
  class space    used 7545K, committed 7680K, reserved 1048576K
}
Event: 69.615 GC heap after
{Heap after GC invocations=40 (full 0):
 garbage-first heap   total 221184K, used 140146K [0x000000008c200000, 0x0000000100000000)
  region size 1024K, 6 young (6144K), 6 survivors (6144K)
 Metaspace       used 71252K, committed 71552K, reserved 1114112K
  class space    used 7545K, committed 7680K, reserved 1048576K
}
Event: 70.416 GC heap before
{Heap before GC invocations=40 (full 0):
 garbage-first heap   total 221184K, used 181106K [0x000000008c200000, 0x0000000100000000)
  region size 1024K, 46 young (47104K), 6 survivors (6144K)
 Metaspace       used 74081K, committed 74368K, reserved 1179648K
  class space    used 7809K, committed 7936K, reserved 1048576K
}
Event: 70.425 GC heap after
{Heap after GC invocations=41 (full 0):
 garbage-first heap   total 221184K, used 142177K [0x000000008c200000, 0x0000000100000000)
  region size 1024K, 3 young (3072K), 3 survivors (3072K)
 Metaspace       used 74081K, committed 74368K, reserved 1179648K
  class space    used 7809K, committed 7936K, reserved 1048576K
}
Event: 72.462 GC heap before
{Heap before GC invocations=41 (full 0):
 garbage-first heap   total 221184K, used 182113K [0x000000008c200000, 0x0000000100000000)
  region size 1024K, 42 young (43008K), 3 survivors (3072K)
 Metaspace       used 74995K, committed 75328K, reserved 1179648K
  class space    used 7862K, committed 8000K, reserved 1048576K
}
Event: 72.470 GC heap after
{Heap after GC invocations=42 (full 0):
 garbage-first heap   total 221184K, used 142969K [0x000000008c200000, 0x0000000100000000)
  region size 1024K, 3 young (3072K), 3 survivors (3072K)
 Metaspace       used 74995K, committed 75328K, reserved 1179648K
  class space    used 7862K, committed 8000K, reserved 1048576K
}

