# JRE version: OpenJDK Runtime Environment Temurin-17.0.16+8 (17.0.16+8) (build 17.0.16+8)
# Java VM: OpenJDK 64-Bit Server VM Temurin-17.0.16+8 (17.0.16+8, mixed mode, sharing, tiered, compressed oops, compressed class ptrs, g1 gc, windows-amd64)
GC Precious Log:
 CPUs: 8 total, 8 available
 Memory: 7413M
 Large Page Support: Disabled
 NUMA Support: Disabled
 Compressed Oops: Enabled (32-bit)
 Heap Region Size: 1M
 Heap Min Capacity: 8M
 Heap Initial Capacity: 116M
 Heap Max Capacity: 1854M
 Pre-touch: Disabled
 Parallel Workers: 8
 Concurrent Workers: 2
 Concurrent Refinement Workers: 8
 Periodic GC: Disabled
Heap:
 garbage-first heap   total 110592K, used 62760K [0x000000008c200000, 0x0000000100000000)
  region size 1024K, 30 young (30720K), 7 survivors (7168K)
 Metaspace       used 52139K, committed 52416K, reserved 1114112K
  class space    used 6095K, committed 6208K, reserved 1048576K
GC Heap History (20 events):
Event: 20.539 GC heap before
{Heap before GC invocations=2 (full 0):
 garbage-first heap   total 118784K, used 40594K [0x000000008c200000, 0x0000000100000000)
  region size 1024K, 32 young (32768K), 4 survivors (4096K)
 Metaspace       used 21282K, committed 21504K, reserved 1114112K
  class space    used 2887K, committed 3008K, reserved 1048576K
}
Event: 20.553 GC heap after
{Heap after GC invocations=3 (full 0):
 garbage-first heap   total 118784K, used 14275K [0x000000008c200000, 0x0000000100000000)
  region size 1024K, 8 young (8192K), 8 survivors (8192K)
 Metaspace       used 21282K, committed 21504K, reserved 1114112K
  class space    used 2887K, committed 3008K, reserved 1048576K
}
Event: 24.358 GC heap before
{Heap before GC invocations=4 (full 0):
 garbage-first heap   total 55296K, used 38851K [0x000000008c200000, 0x0000000100000000)
  region size 1024K, 32 young (32768K), 8 survivors (8192K)
 Metaspace       used 25980K, committed 26176K, reserved 1114112K
  class space    used 3321K, committed 3392K, reserved 1048576K
}
Event: 24.374 GC heap after
{Heap after GC invocations=5 (full 0):
 garbage-first heap   total 55296K, used 17214K [0x000000008c200000, 0x0000000100000000)
  region size 1024K, 3 young (3072K), 3 survivors (3072K)
 Metaspace       used 25980K, committed 26176K, reserved 1114112K
  class space    used 3321K, committed 3392K, reserved 1048576K
}
Event: 24.489 GC heap before
{Heap before GC invocations=5 (full 0):
 garbage-first heap   total 55296K, used 17214K [0x000000008c200000, 0x0000000100000000)
  region size 1024K, 4 young (4096K), 3 survivors (3072K)
 Metaspace       used 26203K, committed 26368K, reserved 1114112K
  class space    used 3345K, committed 3392K, reserved 1048576K
}
Event: 24.495 GC heap after
{Heap after GC invocations=6 (full 0):
 garbage-first heap   total 55296K, used 17569K [0x000000008c200000, 0x0000000100000000)
  region size 1024K, 1 young (1024K), 1 survivors (1024K)
 Metaspace       used 26203K, committed 26368K, reserved 1114112K
  class space    used 3345K, committed 3392K, reserved 1048576K
}
Event: 27.754 GC heap before
{Heap before GC invocations=6 (full 0):
 garbage-first heap   total 55296K, used 39073K [0x000000008c200000, 0x0000000100000000)
  region size 1024K, 22 young (22528K), 1 survivors (1024K)
 Metaspace       used 31458K, committed 31616K, reserved 1114112K
  class space    used 3945K, committed 4032K, reserved 1048576K
}
Event: 27.765 GC heap after
{Heap after GC invocations=7 (full 0):
 garbage-first heap   total 55296K, used 18614K [0x000000008c200000, 0x0000000100000000)
  region size 1024K, 2 young (2048K), 2 survivors (2048K)
 Metaspace       used 31458K, committed 31616K, reserved 1114112K
  class space    used 3945K, committed 4032K, reserved 1048576K
}
Event: 30.972 GC heap before
{Heap before GC invocations=7 (full 0):
 garbage-first heap   total 55296K, used 39094K [0x000000008c200000, 0x0000000100000000)
  region size 1024K, 21 young (21504K), 2 survivors (2048K)
 Metaspace       used 35929K, committed 36160K, reserved 1114112K
  class space    used 4446K, committed 4608K, reserved 1048576K
}
Event: 30.981 GC heap after
{Heap after GC invocations=8 (full 0):
 garbage-first heap   total 55296K, used 22861K [0x000000008c200000, 0x0000000100000000)
  region size 1024K, 3 young (3072K), 3 survivors (3072K)
 Metaspace       used 35929K, committed 36160K, reserved 1114112K
  class space    used 4446K, committed 4608K, reserved 1048576K
}
Event: 32.416 GC heap before
{Heap before GC invocations=9 (full 0):
 garbage-first heap   total 55296K, used 41293K [0x000000008c200000, 0x0000000100000000)
  region size 1024K, 21 young (21504K), 3 survivors (3072K)
 Metaspace       used 36044K, committed 36288K, reserved 1114112K
  class space    used 4453K, committed 4608K, reserved 1048576K
}
Event: 32.422 GC heap after
{Heap after GC invocations=10 (full 0):
 garbage-first heap   total 55296K, used 24022K [0x000000008c200000, 0x0000000100000000)
  region size 1024K, 2 young (2048K), 2 survivors (2048K)
 Metaspace       used 36044K, committed 36288K, reserved 1114112K
  class space    used 4453K, committed 4608K, reserved 1048576K
}
Event: 32.431 GC heap before
{Heap before GC invocations=10 (full 0):
 garbage-first heap   total 55296K, used 25046K [0x000000008c200000, 0x0000000100000000)
  region size 1024K, 3 young (3072K), 2 survivors (2048K)
 Metaspace       used 36051K, committed 36288K, reserved 1114112K
  class space    used 4453K, committed 4608K, reserved 1048576K
}
Event: 32.436 GC heap after
{Heap after GC invocations=11 (full 0):
 garbage-first heap   total 55296K, used 23956K [0x000000008c200000, 0x0000000100000000)
  region size 1024K, 1 young (1024K), 1 survivors (1024K)
 Metaspace       used 36051K, committed 36288K, reserved 1114112K
  class space    used 4453K, committed 4608K, reserved 1048576K
}
Event: 35.267 GC heap before
{Heap before GC invocations=11 (full 0):
 garbage-first heap   total 55296K, used 41364K [0x000000008c200000, 0x0000000100000000)
  region size 1024K, 18 young (18432K), 1 survivors (1024K)
 Metaspace       used 36644K, committed 36864K, reserved 1114112K
  class space    used 4489K, committed 4608K, reserved 1048576K
}
Event: 35.274 GC heap after
{Heap after GC invocations=12 (full 0):
 garbage-first heap   total 110592K, used 26071K [0x000000008c200000, 0x0000000100000000)
  region size 1024K, 3 young (3072K), 3 survivors (3072K)
 Metaspace       used 36644K, committed 36864K, reserved 1114112K
  class space    used 4489K, committed 4608K, reserved 1048576K
}
Event: 47.452 GC heap before
{Heap before GC invocations=12 (full 0):
 garbage-first heap   total 110592K, used 80343K [0x000000008c200000, 0x0000000100000000)
  region size 1024K, 56 young (57344K), 3 survivors (3072K)
 Metaspace       used 42091K, committed 42304K, reserved 1114112K
  class space    used 5003K, committed 5120K, reserved 1048576K
}
Event: 47.478 GC heap after
{Heap after GC invocations=13 (full 0):
 garbage-first heap   total 110592K, used 32938K [0x000000008c200000, 0x0000000100000000)
  region size 1024K, 7 young (7168K), 7 survivors (7168K)
 Metaspace       used 42091K, committed 42304K, reserved 1114112K
  class space    used 5003K, committed 5120K, reserved 1048576K
}
Event: 57.697 GC heap before
{Heap before GC invocations=13 (full 0):
 garbage-first heap   total 110592K, used 76970K [0x000000008c200000, 0x0000000100000000)
  region size 1024K, 50 young (51200K), 7 survivors (7168K)
 Metaspace       used 48923K, committed 49152K, reserved 1114112K
  class space    used 5829K, committed 5952K, reserved 1048576K
}
Event: 57.731 GC heap after
{Heap after GC invocations=14 (full 0):
 garbage-first heap   total 110592K, used 40232K [0x000000008c200000, 0x0000000100000000)
  region size 1024K, 7 young (7168K), 7 survivors (7168K)
 Metaspace       used 48923K, committed 49152K, reserved 1114112K
  class space    used 5829K, committed 5952K, reserved 1048576K
}

