find_header: checking for prism.h in C:/PJSOFTECH/vartman/android/fastlane/vendor/bundle/ruby/3.4.0/gems/prism-1.4.0/include... -------------------- yes

PATH=".;D:/Ruby34-x64/lib;D:\Ruby34-x64\bin;D:\Ruby34-x64\msys64\ucrt64\bin;D:\Ruby34-x64\msys64\usr\bin;D:\WINDOWS.X64_193000_db_home\bin;C:\windows\system32;C:\windows;C:\windows\System32\Wbem;C:\windows\System32\WindowsPowerShell\v1.0\;C:\windows\System32\OpenSSH\;C:\Program Files\nodejs\;C:\Program Files\HP\HP One Agent;C:\Program Files\Git\cmd;C:\WINDOWS\system32;C:\WINDOWS;C:\WINDOWS\System32\Wbem;C:\WINDOWS\System32\WindowsPowerShell\v1.0\;C:\WINDOWS\System32\OpenSSH\;C:\Users\chama\AppData\Local\Android\Sdk\ndk\26.1.10909125;C:\Users\chama\AppData\Local\Android\Sdk\emulator;C:\Users\chama\AppData\Local\Android\Sdk\cmdline-tools\latest\bin;C:\Users\chama\AppData\Local\Android\Sdk\platform-tools;C:\Users\chama\AppData\Local\Android\Sdk;C:\Program Files\Java\jdk-17.0.8\bin;D:\Ruby34-x64\bin;D:\Ruby34-x64\bin;C:\Program Files\platform-tools;C:\Users\chama\AppData\Local\Microsoft\WindowsApps;C:\Users\chama\AppData\Roaming\npm;C:\Users\chama\AppData\Local\Programs\Microsoft VS Code\bin;C:\Users\chama\AppData\Local\Android\Sdk\emulator;C:\Users\chama\AppData\Local\Android\Sdk\cmdline-tools\latest\bin;C:\Users\chama\AppData\Local\Android\Sdk\platform-tools;C:\Users\chama\AppData\Local\Android\Sdk;C:\Users\chama\AppData\Local\Android\Sdk\ndk\26.1.10909125;C:\Program Files\Java\jdk-17.0.8\binc:\Users\chama\.vscode\extensions\vscjava.vscode-java-debug-0.58.3\bundled\scripts\noConfigScripts;c:\Users\chama\AppData\Roaming\Code\User\globalStorage\github.copilot-chat\debugCommand" ASAN_OPTIONS=detect_leaks=0 "gcc -o conftest.exe -ID:/Ruby34-x64/include/ruby-3.4.0/x64-mingw-ucrt -ID:/Ruby34-x64/include/ruby-3.4.0/ruby/backward -ID:/Ruby34-x64/include/ruby-3.4.0 -I. -D_WIN32_WINNT=0x0600 -D__MINGW_USE_VC2005_COMPAT -D_FILE_OFFSET_BITS=64  -O3 -fstack-protector-strong conftest.c -L. -LD:/Ruby34-x64/lib -L. -pipe -s -fstack-protector-strong -lpthread -Wl,--no-as-needed     -lx64-ucrt-ruby340  -lshell32 -lws2_32 -liphlpapi -limagehlp -lshlwapi -lbcrypt  "
checked program was:
/* begin */
1: #include "ruby.h"
2: 
3: #include <winsock2.h>
4: #include <windows.h>
5: int main(int argc, char **argv)
6: {
7:   return !!argv[argc];
8: }
/* end */

PATH=".;D:/Ruby34-x64/lib;D:\Ruby34-x64\bin;D:\Ruby34-x64\msys64\ucrt64\bin;D:\Ruby34-x64\msys64\usr\bin;D:\WINDOWS.X64_193000_db_home\bin;C:\windows\system32;C:\windows;C:\windows\System32\Wbem;C:\windows\System32\WindowsPowerShell\v1.0\;C:\windows\System32\OpenSSH\;C:\Program Files\nodejs\;C:\Program Files\HP\HP One Agent;C:\Program Files\Git\cmd;C:\WINDOWS\system32;C:\WINDOWS;C:\WINDOWS\System32\Wbem;C:\WINDOWS\System32\WindowsPowerShell\v1.0\;C:\WINDOWS\System32\OpenSSH\;C:\Users\chama\AppData\Local\Android\Sdk\ndk\26.1.10909125;C:\Users\chama\AppData\Local\Android\Sdk\emulator;C:\Users\chama\AppData\Local\Android\Sdk\cmdline-tools\latest\bin;C:\Users\chama\AppData\Local\Android\Sdk\platform-tools;C:\Users\chama\AppData\Local\Android\Sdk;C:\Program Files\Java\jdk-17.0.8\bin;D:\Ruby34-x64\bin;D:\Ruby34-x64\bin;C:\Program Files\platform-tools;C:\Users\chama\AppData\Local\Microsoft\WindowsApps;C:\Users\chama\AppData\Roaming\npm;C:\Users\chama\AppData\Local\Programs\Microsoft VS Code\bin;C:\Users\chama\AppData\Local\Android\Sdk\emulator;C:\Users\chama\AppData\Local\Android\Sdk\cmdline-tools\latest\bin;C:\Users\chama\AppData\Local\Android\Sdk\platform-tools;C:\Users\chama\AppData\Local\Android\Sdk;C:\Users\chama\AppData\Local\Android\Sdk\ndk\26.1.10909125;C:\Program Files\Java\jdk-17.0.8\binc:\Users\chama\.vscode\extensions\vscjava.vscode-java-debug-0.58.3\bundled\scripts\noConfigScripts;c:\Users\chama\AppData\Roaming\Code\User\globalStorage\github.copilot-chat\debugCommand" ASAN_OPTIONS=detect_leaks=0 "gcc -ID:/Ruby34-x64/include/ruby-3.4.0/x64-mingw-ucrt -ID:/Ruby34-x64/include/ruby-3.4.0/ruby/backward -ID:/Ruby34-x64/include/ruby-3.4.0 -I. -D_WIN32_WINNT=0x0600 -D__MINGW_USE_VC2005_COMPAT -D_FILE_OFFSET_BITS=64  -O3 -fstack-protector-strong   -c conftest.c"
conftest.c:5:10: fatal error: prism.h: No such file or directory
    5 | #include <prism.h>
      |          ^~~~~~~~~
compilation terminated.
checked program was:
/* begin */
1: #include "ruby.h"
2: 
3: #include <winsock2.h>
4: #include <windows.h>
5: #include <prism.h>
/* end */

PATH=".;D:/Ruby34-x64/lib;D:\Ruby34-x64\bin;D:\Ruby34-x64\msys64\ucrt64\bin;D:\Ruby34-x64\msys64\usr\bin;D:\WINDOWS.X64_193000_db_home\bin;C:\windows\system32;C:\windows;C:\windows\System32\Wbem;C:\windows\System32\WindowsPowerShell\v1.0\;C:\windows\System32\OpenSSH\;C:\Program Files\nodejs\;C:\Program Files\HP\HP One Agent;C:\Program Files\Git\cmd;C:\WINDOWS\system32;C:\WINDOWS;C:\WINDOWS\System32\Wbem;C:\WINDOWS\System32\WindowsPowerShell\v1.0\;C:\WINDOWS\System32\OpenSSH\;C:\Users\chama\AppData\Local\Android\Sdk\ndk\26.1.10909125;C:\Users\chama\AppData\Local\Android\Sdk\emulator;C:\Users\chama\AppData\Local\Android\Sdk\cmdline-tools\latest\bin;C:\Users\chama\AppData\Local\Android\Sdk\platform-tools;C:\Users\chama\AppData\Local\Android\Sdk;C:\Program Files\Java\jdk-17.0.8\bin;D:\Ruby34-x64\bin;D:\Ruby34-x64\bin;C:\Program Files\platform-tools;C:\Users\chama\AppData\Local\Microsoft\WindowsApps;C:\Users\chama\AppData\Roaming\npm;C:\Users\chama\AppData\Local\Programs\Microsoft VS Code\bin;C:\Users\chama\AppData\Local\Android\Sdk\emulator;C:\Users\chama\AppData\Local\Android\Sdk\cmdline-tools\latest\bin;C:\Users\chama\AppData\Local\Android\Sdk\platform-tools;C:\Users\chama\AppData\Local\Android\Sdk;C:\Users\chama\AppData\Local\Android\Sdk\ndk\26.1.10909125;C:\Program Files\Java\jdk-17.0.8\binc:\Users\chama\.vscode\extensions\vscjava.vscode-java-debug-0.58.3\bundled\scripts\noConfigScripts;c:\Users\chama\AppData\Roaming\Code\User\globalStorage\github.copilot-chat\debugCommand" ASAN_OPTIONS=detect_leaks=0 "gcc -ID:/Ruby34-x64/include/ruby-3.4.0/x64-mingw-ucrt -ID:/Ruby34-x64/include/ruby-3.4.0/ruby/backward -ID:/Ruby34-x64/include/ruby-3.4.0 -I. -D_WIN32_WINNT=0x0600 -D__MINGW_USE_VC2005_COMPAT -D_FILE_OFFSET_BITS=64  -O3 -fstack-protector-strong  -IC:/PJSOFTECH/vartman/android/fastlane/vendor/bundle/ruby/3.4.0/gems/prism-1.4.0/include -c conftest.c"
checked program was:
/* begin */
1: #include "ruby.h"
2: 
3: #include <winsock2.h>
4: #include <windows.h>
5: #include <prism.h>
/* end */

--------------------

find_header: checking for prism/extension.h in C:/PJSOFTECH/vartman/android/fastlane/vendor/bundle/ruby/3.4.0/gems/prism-1.4.0/ext... -------------------- yes

PATH=".;D:/Ruby34-x64/lib;D:\Ruby34-x64\bin;D:\Ruby34-x64\msys64\ucrt64\bin;D:\Ruby34-x64\msys64\usr\bin;D:\WINDOWS.X64_193000_db_home\bin;C:\windows\system32;C:\windows;C:\windows\System32\Wbem;C:\windows\System32\WindowsPowerShell\v1.0\;C:\windows\System32\OpenSSH\;C:\Program Files\nodejs\;C:\Program Files\HP\HP One Agent;C:\Program Files\Git\cmd;C:\WINDOWS\system32;C:\WINDOWS;C:\WINDOWS\System32\Wbem;C:\WINDOWS\System32\WindowsPowerShell\v1.0\;C:\WINDOWS\System32\OpenSSH\;C:\Users\chama\AppData\Local\Android\Sdk\ndk\26.1.10909125;C:\Users\chama\AppData\Local\Android\Sdk\emulator;C:\Users\chama\AppData\Local\Android\Sdk\cmdline-tools\latest\bin;C:\Users\chama\AppData\Local\Android\Sdk\platform-tools;C:\Users\chama\AppData\Local\Android\Sdk;C:\Program Files\Java\jdk-17.0.8\bin;D:\Ruby34-x64\bin;D:\Ruby34-x64\bin;C:\Program Files\platform-tools;C:\Users\chama\AppData\Local\Microsoft\WindowsApps;C:\Users\chama\AppData\Roaming\npm;C:\Users\chama\AppData\Local\Programs\Microsoft VS Code\bin;C:\Users\chama\AppData\Local\Android\Sdk\emulator;C:\Users\chama\AppData\Local\Android\Sdk\cmdline-tools\latest\bin;C:\Users\chama\AppData\Local\Android\Sdk\platform-tools;C:\Users\chama\AppData\Local\Android\Sdk;C:\Users\chama\AppData\Local\Android\Sdk\ndk\26.1.10909125;C:\Program Files\Java\jdk-17.0.8\binc:\Users\chama\.vscode\extensions\vscjava.vscode-java-debug-0.58.3\bundled\scripts\noConfigScripts;c:\Users\chama\AppData\Roaming\Code\User\globalStorage\github.copilot-chat\debugCommand" ASAN_OPTIONS=detect_leaks=0 "gcc -ID:/Ruby34-x64/include/ruby-3.4.0/x64-mingw-ucrt -ID:/Ruby34-x64/include/ruby-3.4.0/ruby/backward -ID:/Ruby34-x64/include/ruby-3.4.0 -I. -IC:/PJSOFTECH/vartman/android/fastlane/vendor/bundle/ruby/3.4.0/gems/prism-1.4.0/include -D_WIN32_WINNT=0x0600 -D__MINGW_USE_VC2005_COMPAT -D_FILE_OFFSET_BITS=64  -O3 -fstack-protector-strong   -c conftest.c"
conftest.c:5:10: fatal error: prism/extension.h: No such file or directory
    5 | #include <prism/extension.h>
      |          ^~~~~~~~~~~~~~~~~~~
compilation terminated.
checked program was:
/* begin */
1: #include "ruby.h"
2: 
3: #include <winsock2.h>
4: #include <windows.h>
5: #include <prism/extension.h>
/* end */

PATH=".;D:/Ruby34-x64/lib;D:\Ruby34-x64\bin;D:\Ruby34-x64\msys64\ucrt64\bin;D:\Ruby34-x64\msys64\usr\bin;D:\WINDOWS.X64_193000_db_home\bin;C:\windows\system32;C:\windows;C:\windows\System32\Wbem;C:\windows\System32\WindowsPowerShell\v1.0\;C:\windows\System32\OpenSSH\;C:\Program Files\nodejs\;C:\Program Files\HP\HP One Agent;C:\Program Files\Git\cmd;C:\WINDOWS\system32;C:\WINDOWS;C:\WINDOWS\System32\Wbem;C:\WINDOWS\System32\WindowsPowerShell\v1.0\;C:\WINDOWS\System32\OpenSSH\;C:\Users\chama\AppData\Local\Android\Sdk\ndk\26.1.10909125;C:\Users\chama\AppData\Local\Android\Sdk\emulator;C:\Users\chama\AppData\Local\Android\Sdk\cmdline-tools\latest\bin;C:\Users\chama\AppData\Local\Android\Sdk\platform-tools;C:\Users\chama\AppData\Local\Android\Sdk;C:\Program Files\Java\jdk-17.0.8\bin;D:\Ruby34-x64\bin;D:\Ruby34-x64\bin;C:\Program Files\platform-tools;C:\Users\chama\AppData\Local\Microsoft\WindowsApps;C:\Users\chama\AppData\Roaming\npm;C:\Users\chama\AppData\Local\Programs\Microsoft VS Code\bin;C:\Users\chama\AppData\Local\Android\Sdk\emulator;C:\Users\chama\AppData\Local\Android\Sdk\cmdline-tools\latest\bin;C:\Users\chama\AppData\Local\Android\Sdk\platform-tools;C:\Users\chama\AppData\Local\Android\Sdk;C:\Users\chama\AppData\Local\Android\Sdk\ndk\26.1.10909125;C:\Program Files\Java\jdk-17.0.8\binc:\Users\chama\.vscode\extensions\vscjava.vscode-java-debug-0.58.3\bundled\scripts\noConfigScripts;c:\Users\chama\AppData\Roaming\Code\User\globalStorage\github.copilot-chat\debugCommand" ASAN_OPTIONS=detect_leaks=0 "gcc -ID:/Ruby34-x64/include/ruby-3.4.0/x64-mingw-ucrt -ID:/Ruby34-x64/include/ruby-3.4.0/ruby/backward -ID:/Ruby34-x64/include/ruby-3.4.0 -I. -IC:/PJSOFTECH/vartman/android/fastlane/vendor/bundle/ruby/3.4.0/gems/prism-1.4.0/include -D_WIN32_WINNT=0x0600 -D__MINGW_USE_VC2005_COMPAT -D_FILE_OFFSET_BITS=64  -O3 -fstack-protector-strong  -IC:/PJSOFTECH/vartman/android/fastlane/vendor/bundle/ruby/3.4.0/gems/prism-1.4.0/ext -c conftest.c"
checked program was:
/* begin */
1: #include "ruby.h"
2: 
3: #include <winsock2.h>
4: #include <windows.h>
5: #include <prism/extension.h>
/* end */

--------------------

append_cflags: checking for whether -fvisibility=hidden is accepted as CFLAGS... -------------------- yes

PATH=".;D:/Ruby34-x64/lib;D:\Ruby34-x64\bin;D:\Ruby34-x64\msys64\ucrt64\bin;D:\Ruby34-x64\msys64\usr\bin;D:\WINDOWS.X64_193000_db_home\bin;C:\windows\system32;C:\windows;C:\windows\System32\Wbem;C:\windows\System32\WindowsPowerShell\v1.0\;C:\windows\System32\OpenSSH\;C:\Program Files\nodejs\;C:\Program Files\HP\HP One Agent;C:\Program Files\Git\cmd;C:\WINDOWS\system32;C:\WINDOWS;C:\WINDOWS\System32\Wbem;C:\WINDOWS\System32\WindowsPowerShell\v1.0\;C:\WINDOWS\System32\OpenSSH\;C:\Users\chama\AppData\Local\Android\Sdk\ndk\26.1.10909125;C:\Users\chama\AppData\Local\Android\Sdk\emulator;C:\Users\chama\AppData\Local\Android\Sdk\cmdline-tools\latest\bin;C:\Users\chama\AppData\Local\Android\Sdk\platform-tools;C:\Users\chama\AppData\Local\Android\Sdk;C:\Program Files\Java\jdk-17.0.8\bin;D:\Ruby34-x64\bin;D:\Ruby34-x64\bin;C:\Program Files\platform-tools;C:\Users\chama\AppData\Local\Microsoft\WindowsApps;C:\Users\chama\AppData\Roaming\npm;C:\Users\chama\AppData\Local\Programs\Microsoft VS Code\bin;C:\Users\chama\AppData\Local\Android\Sdk\emulator;C:\Users\chama\AppData\Local\Android\Sdk\cmdline-tools\latest\bin;C:\Users\chama\AppData\Local\Android\Sdk\platform-tools;C:\Users\chama\AppData\Local\Android\Sdk;C:\Users\chama\AppData\Local\Android\Sdk\ndk\26.1.10909125;C:\Program Files\Java\jdk-17.0.8\binc:\Users\chama\.vscode\extensions\vscjava.vscode-java-debug-0.58.3\bundled\scripts\noConfigScripts;c:\Users\chama\AppData\Roaming\Code\User\globalStorage\github.copilot-chat\debugCommand" ASAN_OPTIONS=detect_leaks=0 "gcc -ID:/Ruby34-x64/include/ruby-3.4.0/x64-mingw-ucrt -ID:/Ruby34-x64/include/ruby-3.4.0/ruby/backward -ID:/Ruby34-x64/include/ruby-3.4.0 -I. -IC:/PJSOFTECH/vartman/android/fastlane/vendor/bundle/ruby/3.4.0/gems/prism-1.4.0/include -IC:/PJSOFTECH/vartman/android/fastlane/vendor/bundle/ruby/3.4.0/gems/prism-1.4.0/ext -D_WIN32_WINNT=0x0600 -D__MINGW_USE_VC2005_COMPAT -D_FILE_OFFSET_BITS=64  -O3 -fstack-protector-strong  -fvisibility=hidden -Werror -c conftest.c"
checked program was:
/* begin */
1: #include "ruby.h"
2: 
3: #include <winsock2.h>
4: #include <windows.h>
5: int main(int argc, char **argv)
6: {
7:   return !!argv[argc];
8: }
/* end */

--------------------

